Base path: E:/Unity/Editor/Data
Cmd: initializeCompiler
Cmd: compileComputeKernel
  api=4 insize=14379 outsize=37513 ok=1
Cmd: compileComputeKernel
  api=4 insize=14379 outsize=34977 ok=1
Cmd: compileComputeKernel
  api=4 insize=14379 outsize=59653 ok=1
Cmd: compileComputeKernel
  api=4 insize=14379 outsize=40345 ok=1
Cmd: compileComputeKernel
  api=4 insize=14379 outsize=36609 ok=1
Cmd: compileComputeKernel
  api=4 insize=14379 outsize=44137 ok=1
Cmd: compileComputeKernel
  api=4 insize=26814 outsize=301 ok=1
Cmd: compileComputeKernel
  api=4 insize=10881 outsize=9849 ok=1
Cmd: compileComputeKernel
  api=4 insize=6353 outsize=1037 ok=1
Cmd: compileComputeKernel
  api=4 insize=1753 outsize=1861 ok=1
Cmd: compileComputeKernel
  api=4 insize=11900 outsize=9925 ok=1
Cmd: compileComputeKernel
  api=4 insize=18299 outsize=8553 ok=1
Cmd: compileComputeKernel
  api=4 insize=19063 outsize=14241 ok=1
Cmd: compileComputeKernel
  api=4 insize=2517 outsize=2573 ok=1
Cmd: compileComputeKernel
  api=4 insize=20454 outsize=95037 ok=1
Cmd: compileComputeKernel
  api=4 insize=34758 outsize=35961 ok=1
Cmd: compileComputeKernel
  api=4 insize=16866 outsize=5113 ok=1
Cmd: compileComputeKernel
  api=4 insize=16866 outsize=7321 ok=1
Cmd: compileComputeKernel
  api=4 insize=16866 outsize=9301 ok=1
Cmd: compileComputeKernel
  api=4 insize=16866 outsize=8773 ok=1
Cmd: compileComputeKernel
  api=4 insize=16866 outsize=10773 ok=1
Cmd: initializeCompiler
Cmd: initializeCompiler
Cmd: initializeCompiler
Cmd: initializeCompiler
Cmd: initializeCompiler
Cmd: initializeCompiler
Cmd: initializeCompiler
Cmd: initializeCompiler
Unhandled exception: Protocol error - unexpected end of data (did the Editor crash?)

Quitting shader compiler process
